mode: set
github.com/simiancreative/simiango/meta/meta.go:9.21,12.2 2 1
github.com/simiancreative/simiango/service/content_response.go:24.19,25.21 1 1
github.com/simiancreative/simiango/service/content_response.go:29.2,29.20 1 1
github.com/simiancreative/simiango/service/content_response.go:33.2,33.20 1 1
github.com/simiancreative/simiango/service/content_response.go:37.2,40.16 3 1
github.com/simiancreative/simiango/service/content_response.go:44.2,45.58 2 1
github.com/simiancreative/simiango/service/content_response.go:49.2,50.20 2 1
github.com/simiancreative/simiango/service/content_response.go:54.2,60.3 1 1
github.com/simiancreative/simiango/service/content_response.go:25.21,27.3 1 0
github.com/simiancreative/simiango/service/content_response.go:29.20,31.3 1 0
github.com/simiancreative/simiango/service/content_response.go:33.20,35.3 1 0
github.com/simiancreative/simiango/service/content_response.go:40.16,42.3 1 0
github.com/simiancreative/simiango/service/content_response.go:45.58,47.3 1 0
github.com/simiancreative/simiango/service/content_response.go:50.20,52.3 1 1
github.com/simiancreative/simiango/service/result_error.go:11.38,13.2 1 1
github.com/simiancreative/simiango/service/result_error.go:14.43,16.2 1 1
github.com/simiancreative/simiango/service/result_error.go:17.39,19.2 1 1
github.com/simiancreative/simiango/service/result_error.go:20.48,22.2 1 1
github.com/simiancreative/simiango/service/result_error.go:24.72,35.2 2 1
github.com/simiancreative/simiango/service/service.go:28.56,29.27 1 0
github.com/simiancreative/simiango/service/service.go:34.2,34.19 1 0
github.com/simiancreative/simiango/service/service.go:29.27,30.24 1 0
github.com/simiancreative/simiango/service/service.go:30.24,32.4 1 0
github.com/simiancreative/simiango/service/service.go:37.60,39.2 1 0
github.com/simiancreative/simiango/token/token.go:14.71,17.47 1 1
github.com/simiancreative/simiango/token/token.go:22.2,22.16 1 1
github.com/simiancreative/simiango/token/token.go:26.2,26.15 1 1
github.com/simiancreative/simiango/token/token.go:17.47,19.4 1 1
github.com/simiancreative/simiango/token/token.go:22.16,24.3 1 0
github.com/simiancreative/simiango/token/token.go:31.46,33.2 1 1
github.com/simiancreative/simiango/token/token.go:36.56,39.16 2 1
github.com/simiancreative/simiango/token/token.go:43.2,43.14 1 1
github.com/simiancreative/simiango/token/token.go:47.2,47.12 1 1
github.com/simiancreative/simiango/token/token.go:39.16,41.3 1 0
github.com/simiancreative/simiango/token/token.go:43.14,45.3 1 0
github.com/simiancreative/simiango/token/token.go:52.31,54.2 1 1
github.com/simiancreative/simiango/token/token.go:61.83,64.20 2 1
github.com/simiancreative/simiango/token/token.go:68.2,71.27 3 1
github.com/simiancreative/simiango/token/token.go:75.2,78.20 3 1
github.com/simiancreative/simiango/token/token.go:64.20,66.3 1 0
github.com/simiancreative/simiango/token/token.go:71.27,73.3 1 1
github.com/simiancreative/simiango/token/token.go:83.58,85.2 1 1
github.com/simiancreative/simiango/token/token.go:87.22,89.9 2 1
github.com/simiancreative/simiango/token/token.go:93.2,93.20 1 1
github.com/simiancreative/simiango/token/token.go:89.9,90.56 1 0
github.com/simiancreative/simiango/validate/validate.go:9.46,11.2 1 1
github.com/simiancreative/simiango/validate/validate.go:13.40,16.2 2 1
github.com/simiancreative/simiango/validate/validate.go:18.67,20.2 1 1
github.com/simiancreative/simiango/validate/validate.go:26.39,28.2 1 1
github.com/simiancreative/simiango/validate/validate.go:30.37,32.2 1 1
github.com/simiancreative/simiango/validate/validate.go:34.57,35.20 1 1
github.com/simiancreative/simiango/validate/validate.go:39.2,41.49 2 1
github.com/simiancreative/simiango/validate/validate.go:46.2,52.3 2 1
github.com/simiancreative/simiango/validate/validate.go:35.20,37.3 1 1
github.com/simiancreative/simiango/validate/validate.go:41.49,44.3 2 1
github.com/simiancreative/simiango/data/redis/redis.go:26.47,31.16 4 1
github.com/simiancreative/simiango/data/redis/redis.go:35.2,35.17 1 1
github.com/simiancreative/simiango/data/redis/redis.go:39.2,39.27 1 1
github.com/simiancreative/simiango/data/redis/redis.go:31.16,33.3 1 0
github.com/simiancreative/simiango/data/redis/redis.go:35.17,37.3 1 1
github.com/simiancreative/simiango/data/redis/redis.go:42.75,44.2 1 0
github.com/simiancreative/simiango/data/redis/redis.go:46.73,48.2 1 1
github.com/simiancreative/simiango/data/redis/redis.go:50.68,53.18 2 1
github.com/simiancreative/simiango/data/redis/redis.go:57.2,57.16 1 0
github.com/simiancreative/simiango/data/redis/redis.go:61.2,63.12 2 0
github.com/simiancreative/simiango/data/redis/redis.go:53.18,55.3 1 1
github.com/simiancreative/simiango/data/redis/redis.go:57.16,59.3 1 0
github.com/simiancreative/simiango/data/redis/redis.go:66.13,68.9 2 1
github.com/simiancreative/simiango/data/redis/redis.go:72.2,73.9 2 1
github.com/simiancreative/simiango/data/redis/redis.go:77.2,84.7 3 1
github.com/simiancreative/simiango/data/redis/redis.go:68.9,70.3 1 1
github.com/simiancreative/simiango/data/redis/redis.go:73.9,75.3 1 1
github.com/simiancreative/simiango/data/redis/mock/mock.go:13.13,15.16 2 1
github.com/simiancreative/simiango/data/redis/mock/mock.go:19.2,24.24 3 1
github.com/simiancreative/simiango/data/redis/mock/mock.go:15.16,16.13 1 0
