mode: set
github.com/simiancreative/simiango/context/main.go:9.21,12.2 2 1
github.com/simiancreative/simiango/service/content_response.go:24.19,25.21 1 1
github.com/simiancreative/simiango/service/content_response.go:29.2,29.20 1 1
github.com/simiancreative/simiango/service/content_response.go:33.2,33.20 1 1
github.com/simiancreative/simiango/service/content_response.go:37.2,40.16 3 1
github.com/simiancreative/simiango/service/content_response.go:44.2,45.58 2 1
github.com/simiancreative/simiango/service/content_response.go:49.2,50.20 2 1
github.com/simiancreative/simiango/service/content_response.go:54.2,60.3 1 1
github.com/simiancreative/simiango/service/content_response.go:25.21,27.3 1 0
github.com/simiancreative/simiango/service/content_response.go:29.20,31.3 1 0
github.com/simiancreative/simiango/service/content_response.go:33.20,35.3 1 0
github.com/simiancreative/simiango/service/content_response.go:40.16,42.3 1 0
github.com/simiancreative/simiango/service/content_response.go:45.58,47.3 1 0
github.com/simiancreative/simiango/service/content_response.go:50.20,52.3 1 1
github.com/simiancreative/simiango/service/result_error.go:11.38,13.2 1 1
github.com/simiancreative/simiango/service/result_error.go:14.43,16.2 1 1
github.com/simiancreative/simiango/service/result_error.go:17.39,19.2 1 1
github.com/simiancreative/simiango/service/result_error.go:20.59,26.2 1 1
github.com/simiancreative/simiango/service/result_error.go:28.72,39.2 2 1
github.com/simiancreative/simiango/service/service.go:27.58,28.27 1 0
github.com/simiancreative/simiango/service/service.go:33.2,33.18 1 0
github.com/simiancreative/simiango/service/service.go:28.27,29.24 1 0
github.com/simiancreative/simiango/service/service.go:29.24,31.4 1 0
github.com/simiancreative/simiango/service/service.go:36.60,38.2 1 0
github.com/simiancreative/simiango/token/token.go:12.46,15.47 1 1
github.com/simiancreative/simiango/token/token.go:20.2,20.16 1 1
github.com/simiancreative/simiango/token/token.go:24.2,24.15 1 1
github.com/simiancreative/simiango/token/token.go:15.47,17.4 1 1
github.com/simiancreative/simiango/token/token.go:20.16,22.3 1 0
github.com/simiancreative/simiango/token/token.go:27.31,30.16 2 1
github.com/simiancreative/simiango/token/token.go:34.2,34.14 1 1
github.com/simiancreative/simiango/token/token.go:38.2,38.12 1 1
github.com/simiancreative/simiango/token/token.go:30.16,32.3 1 0
github.com/simiancreative/simiango/token/token.go:34.14,36.3 1 0
github.com/simiancreative/simiango/token/token.go:43.58,46.20 2 1
github.com/simiancreative/simiango/token/token.go:50.2,53.27 3 1
github.com/simiancreative/simiango/token/token.go:57.2,60.20 3 1
github.com/simiancreative/simiango/token/token.go:46.20,48.3 1 0
github.com/simiancreative/simiango/token/token.go:53.27,55.3 1 1
github.com/simiancreative/simiango/token/token.go:63.22,66.2 2 1
github.com/simiancreative/simiango/data/redis/redis.go:24.78,26.2 1 1
github.com/simiancreative/simiango/data/redis/redis.go:28.52,31.18 2 1
github.com/simiancreative/simiango/data/redis/redis.go:35.2,35.16 1 1
github.com/simiancreative/simiango/data/redis/redis.go:39.2,39.18 1 1
github.com/simiancreative/simiango/data/redis/redis.go:31.18,33.3 1 0
github.com/simiancreative/simiango/data/redis/redis.go:35.16,37.3 1 0
github.com/simiancreative/simiango/data/redis/redis.go:42.16,44.9 2 0
github.com/simiancreative/simiango/data/redis/redis.go:48.2,49.9 2 0
github.com/simiancreative/simiango/data/redis/redis.go:53.2,62.3 2 0
github.com/simiancreative/simiango/data/redis/redis.go:44.9,46.3 1 0
github.com/simiancreative/simiango/data/redis/redis.go:49.9,51.3 1 0
